[1.045s] Invoking command in '/home/shared/projects/gultepe/cleaner_ws/build/explore_lite': CMAKE_PREFIX_PATH=${CMAKE_PREFIX_PATH}:/home/tunaprogrammer/projects/gultepe/cleaner_ws/install/bno055:/home/tunaprogrammer/projects/gultepe/humble_ws/install/jetpack:/home/tunaprogrammer/projects/gultepe/humble_ws/install/python_pkg:/home/tunaprogrammer/projects/gultepe/humble_ws/install/catcher:/opt/ros/humble /usr/bin/cmake /home/shared/projects/gultepe/cleaner_ws/src/m-explore-ros2/explore -DCMAKE_INSTALL_PREFIX=/home/shared/projects/gultepe/cleaner_ws/install/explore_lite
[1.187s] -- The C compiler identification is GNU 11.4.0
[1.321s] -- The CXX compiler identification is GNU 11.4.0
[1.338s] -- Detecting C compiler ABI info
[1.453s] -- Detecting C compiler ABI info - done
[1.467s] -- Check for working C compiler: /usr/bin/cc - skipped
[1.468s] -- Detecting C compile features
[1.470s] -- Detecting C compile features - done
[1.476s] -- Detecting CXX compiler ABI info
[1.624s] -- Detecting CXX compiler ABI info - done
[1.641s] -- Check for working CXX compiler: /usr/bin/c++ - skipped
[1.642s] -- Detecting CXX compile features
[1.642s] -- Detecting CXX compile features - done
[1.643s] -- BuilD for ROS2: humble
[1.649s] -- Found ament_cmake: 1.3.6 (/opt/ros/humble/share/ament_cmake/cmake)
[1.996s] -- Found Python3: /usr/bin/python3.10 (found version "3.10.12") found components: Interpreter 
[2.203s] -- Found rclcpp: 16.0.7 (/opt/ros/humble/share/rclcpp/cmake)
[2.306s] -- Found rosidl_generator_c: 3.1.5 (/opt/ros/humble/share/rosidl_generator_c/cmake)
[2.319s] -- Found rosidl_adapter: 3.1.5 (/opt/ros/humble/share/rosidl_adapter/cmake)
[2.340s] -- Found rosidl_generator_cpp: 3.1.5 (/opt/ros/humble/share/rosidl_generator_cpp/cmake)
[2.368s] -- Using all available rosidl_typesupport_c: rosidl_typesupport_fastrtps_c;rosidl_typesupport_introspection_c
[2.413s] -- Using all available rosidl_typesupport_cpp: rosidl_typesupport_fastrtps_cpp;rosidl_typesupport_introspection_cpp
[2.560s] -- Found rmw_implementation_cmake: 6.1.1 (/opt/ros/humble/share/rmw_implementation_cmake/cmake)
[2.567s] -- Found rmw_fastrtps_cpp: 6.2.5 (/opt/ros/humble/share/rmw_fastrtps_cpp/cmake)
[2.753s] -- Found OpenSSL: /usr/lib/x86_64-linux-gnu/libcrypto.so (found version "3.0.2")  
[2.802s] -- Found FastRTPS: /opt/ros/humble/include  
[2.895s] -- Using RMW implementation 'rmw_fastrtps_cpp' as default
[2.918s] -- Looking for pthread.h
[3.040s] -- Looking for pthread.h - found
[3.041s] -- Performing Test CMAKE_HAVE_LIBC_PTHREAD
[3.158s] -- Performing Test CMAKE_HAVE_LIBC_PTHREAD - Success
[3.160s] -- Found Threads: TRUE  
[3.468s] -- Found sensor_msgs: 4.2.3 (/opt/ros/humble/share/sensor_msgs/cmake)
[3.709s] -- Found tf2_ros: 0.25.5 (/opt/ros/humble/share/tf2_ros/cmake)
[4.446s] -- Found tf2_geometry_msgs: 0.25.5 (/opt/ros/humble/share/tf2_geometry_msgs/cmake)
[4.479s] -- Found eigen3_cmake_module: 0.1.1 (/opt/ros/humble/share/eigen3_cmake_module/cmake)
[4.481s] -- Found Eigen3: TRUE (found version "3.4.0") 
[4.481s] -- Ensuring Eigen3 include directory is part of orocos-kdl CMake target
[4.502s] -- Found nav2_msgs: 1.1.12 (/opt/ros/humble/share/nav2_msgs/cmake)
[5.020s] -- Found map_msgs: 2.1.0 (/opt/ros/humble/share/map_msgs/cmake)
[5.218s] -- Found visualization_msgs: 4.2.3 (/opt/ros/humble/share/visualization_msgs/cmake)
[5.446s] -- Found nav2_costmap_2d: 1.1.12 (/opt/ros/humble/share/nav2_costmap_2d/cmake)
[8.234s] -- Found ament_lint_auto: 0.12.9 (/opt/ros/humble/share/ament_lint_auto/cmake)
[8.379s] -- Found ament_cmake_gtest: 1.3.6 (/opt/ros/humble/share/ament_cmake_gtest/cmake)
[8.386s] -- Found gtest sources under '/opt/ros/humble/src/gtest_vendor': C++ tests using 'Google Test' will be built
[9.482s] -- Added test 'cppcheck' to perform static code analysis on C / C++ code
[9.483s] -- Configured cppcheck include dirs: /home/shared/projects/gultepe/cleaner_ws/src/m-explore-ros2/explore/include;$<BUILD_INTERFACE:/home/shared/projects/gultepe/cleaner_ws/src/m-explore-ros2/explore/include>
[9.483s] -- Configured cppcheck exclude dirs and/or files: 
[9.485s] -- Added test 'flake8' to check Python code syntax and style conventions
[9.486s] -- Added test 'lint_cmake' to check CMake code style
[9.488s] -- Added test 'pep257' to check Python code against some of the docstring style conventions in PEP 257
[9.491s] -- Added test 'uncrustify' to check C / C++ code style
[9.492s] -- Configured uncrustify additional arguments: 
[9.493s] -- Added test 'xmllint' to check XML markup files
[9.497s] -- Configuring done
[9.809s] -- Generating done
[9.813s] -- Build files have been written to: /home/shared/projects/gultepe/cleaner_ws/build/explore_lite
[9.829s] Invoked command in '/home/shared/projects/gultepe/cleaner_ws/build/explore_lite' returned '0': CMAKE_PREFIX_PATH=${CMAKE_PREFIX_PATH}:/home/tunaprogrammer/projects/gultepe/cleaner_ws/install/bno055:/home/tunaprogrammer/projects/gultepe/humble_ws/install/jetpack:/home/tunaprogrammer/projects/gultepe/humble_ws/install/python_pkg:/home/tunaprogrammer/projects/gultepe/humble_ws/install/catcher:/opt/ros/humble /usr/bin/cmake /home/shared/projects/gultepe/cleaner_ws/src/m-explore-ros2/explore -DCMAKE_INSTALL_PREFIX=/home/shared/projects/gultepe/cleaner_ws/install/explore_lite
[9.832s] Invoking command in '/home/shared/projects/gultepe/cleaner_ws/build/explore_lite': CMAKE_PREFIX_PATH=${CMAKE_PREFIX_PATH}:/home/tunaprogrammer/projects/gultepe/cleaner_ws/install/bno055:/home/tunaprogrammer/projects/gultepe/humble_ws/install/jetpack:/home/tunaprogrammer/projects/gultepe/humble_ws/install/python_pkg:/home/tunaprogrammer/projects/gultepe/humble_ws/install/catcher:/opt/ros/humble /usr/bin/cmake --build /home/shared/projects/gultepe/cleaner_ws/build/explore_lite -- -j12 -l12
[9.917s] [ 20%] [32mBuilding CXX object gtest/CMakeFiles/gtest.dir/src/gtest-all.cc.o[0m
[9.918s] [ 20%] [32mBuilding CXX object gtest/CMakeFiles/gtest_main.dir/src/gtest_main.cc.o[0m
[9.921s] [ 30%] [32mBuilding CXX object CMakeFiles/explore.dir/src/costmap_client.cpp.o[0m
[9.922s] [ 40%] [32mBuilding CXX object CMakeFiles/explore.dir/src/explore.cpp.o[0m
[9.922s] [ 50%] [32mBuilding CXX object CMakeFiles/explore.dir/src/frontier_search.cpp.o[0m
[11.004s] [ 60%] [32m[1mLinking CXX static library libgtest_main.a[0m
[11.061s] [ 60%] Built target gtest_main
[14.880s] [ 70%] [32m[1mLinking CXX static library libgtest.a[0m
[14.981s] [ 70%] Built target gtest
[15.018s] [ 80%] [32mBuilding CXX object CMakeFiles/test_explore.dir/test/test_explore.cpp.o[0m
[15.357s] gmake[2]: *** [CMakeFiles/explore.dir/build.make:76: CMakeFiles/explore.dir/src/costmap_client.cpp.o] Interrupt
[15.357s] gmake[2]: *** [CMakeFiles/explore.dir/build.make:90: CMakeFiles/explore.dir/src/explore.cpp.o] Interrupt
[15.358s] gmake[2]: *** [CMakeFiles/explore.dir/build.make:104: CMakeFiles/explore.dir/src/frontier_search.cpp.o] Interrupt
[15.358s] gmake[2]: *** [CMakeFiles/test_explore.dir/build.make:76: CMakeFiles/test_explore.dir/test/test_explore.cpp.o] Interrupt
[15.358s] gmake[1]: *** [CMakeFiles/Makefile2:157: CMakeFiles/explore.dir/all] Interrupt
[15.358s] gmake[1]: *** [CMakeFiles/Makefile2:184: CMakeFiles/test_explore.dir/all] Interrupt
[15.358s] gmake: *** [Makefile:146: all] Interrupt
